<?xml version="1.0" encoding="UTF-8"?>
<robot generator="Robot 6.0.2 (Python 3.11.3 on linux)" generated="20230531 06:47:13.154" rpa="false" schemaversion="3">
<suite id="s1" name="Mergelist" source="/home/aino/ilham/iDocument/git/robot_framework_class/Phase 2 - Merge two list/mergelist.robot">
<test id="s1-t1" name="Test case 1" line="5">
<kw name="Merge two list">
<kw name="Create List" library="BuiltIn">
<var>@{LIST3}</var>
<doc>Returns a list containing given items.</doc>
<msg timestamp="20230531 06:47:13.172" level="INFO">@{LIST3} = [ ]</msg>
<status status="PASS" starttime="20230531 06:47:13.172" endtime="20230531 06:47:13.172"/>
</kw>
<for flavor="IN">
<var>${alphabet}</var>
<value>@{LIST1}</value>
<iter>
<var name="${alphabet}">a</var>
<for flavor="IN">
<var>${number}</var>
<value>@{LIST2}</value>
<iter>
<var name="${number}">1</var>
<kw name="Append To List" library="Collections">
<arg>${LIST3}</arg>
<arg>${alphabet}${number}</arg>
<doc>Adds ``values`` to the end of ``list``.</doc>
<status status="PASS" starttime="20230531 06:47:13.173" endtime="20230531 06:47:13.173"/>
</kw>
<status status="PASS" starttime="20230531 06:47:13.172" endtime="20230531 06:47:13.173"/>
</iter>
<iter>
<var name="${number}">2</var>
<kw name="Append To List" library="Collections">
<arg>${LIST3}</arg>
<arg>${alphabet}${number}</arg>
<doc>Adds ``values`` to the end of ``list``.</doc>
<status status="PASS" starttime="20230531 06:47:13.173" endtime="20230531 06:47:13.173"/>
</kw>
<status status="PASS" starttime="20230531 06:47:13.173" endtime="20230531 06:47:13.173"/>
</iter>
<iter>
<var name="${number}">3</var>
<kw name="Append To List" library="Collections">
<arg>${LIST3}</arg>
<arg>${alphabet}${number}</arg>
<doc>Adds ``values`` to the end of ``list``.</doc>
<status status="PASS" starttime="20230531 06:47:13.173" endtime="20230531 06:47:13.174"/>
</kw>
<status status="PASS" starttime="20230531 06:47:13.173" endtime="20230531 06:47:13.174"/>
</iter>
<iter>
<var name="${number}">4</var>
<kw name="Append To List" library="Collections">
<arg>${LIST3}</arg>
<arg>${alphabet}${number}</arg>
<doc>Adds ``values`` to the end of ``list``.</doc>
<status status="PASS" starttime="20230531 06:47:13.174" endtime="20230531 06:47:13.174"/>
</kw>
<status status="PASS" starttime="20230531 06:47:13.174" endtime="20230531 06:47:13.174"/>
</iter>
<status status="PASS" starttime="20230531 06:47:13.172" endtime="20230531 06:47:13.174"/>
</for>
<status status="PASS" starttime="20230531 06:47:13.172" endtime="20230531 06:47:13.174"/>
</iter>
<iter>
<var name="${alphabet}">b</var>
<for flavor="IN">
<var>${number}</var>
<value>@{LIST2}</value>
<iter>
<var name="${number}">1</var>
<kw name="Append To List" library="Collections">
<arg>${LIST3}</arg>
<arg>${alphabet}${number}</arg>
<doc>Adds ``values`` to the end of ``list``.</doc>
<status status="PASS" starttime="20230531 06:47:13.175" endtime="20230531 06:47:13.175"/>
</kw>
<status status="PASS" starttime="20230531 06:47:13.174" endtime="20230531 06:47:13.175"/>
</iter>
<iter>
<var name="${number}">2</var>
<kw name="Append To List" library="Collections">
<arg>${LIST3}</arg>
<arg>${alphabet}${number}</arg>
<doc>Adds ``values`` to the end of ``list``.</doc>
<status status="PASS" starttime="20230531 06:47:13.175" endtime="20230531 06:47:13.175"/>
</kw>
<status status="PASS" starttime="20230531 06:47:13.175" endtime="20230531 06:47:13.175"/>
</iter>
<iter>
<var name="${number}">3</var>
<kw name="Append To List" library="Collections">
<arg>${LIST3}</arg>
<arg>${alphabet}${number}</arg>
<doc>Adds ``values`` to the end of ``list``.</doc>
<status status="PASS" starttime="20230531 06:47:13.175" endtime="20230531 06:47:13.176"/>
</kw>
<status status="PASS" starttime="20230531 06:47:13.175" endtime="20230531 06:47:13.176"/>
</iter>
<iter>
<var name="${number}">4</var>
<kw name="Append To List" library="Collections">
<arg>${LIST3}</arg>
<arg>${alphabet}${number}</arg>
<doc>Adds ``values`` to the end of ``list``.</doc>
<status status="PASS" starttime="20230531 06:47:13.176" endtime="20230531 06:47:13.176"/>
</kw>
<status status="PASS" starttime="20230531 06:47:13.176" endtime="20230531 06:47:13.176"/>
</iter>
<status status="PASS" starttime="20230531 06:47:13.174" endtime="20230531 06:47:13.176"/>
</for>
<status status="PASS" starttime="20230531 06:47:13.174" endtime="20230531 06:47:13.176"/>
</iter>
<iter>
<var name="${alphabet}">c</var>
<for flavor="IN">
<var>${number}</var>
<value>@{LIST2}</value>
<iter>
<var name="${number}">1</var>
<kw name="Append To List" library="Collections">
<arg>${LIST3}</arg>
<arg>${alphabet}${number}</arg>
<doc>Adds ``values`` to the end of ``list``.</doc>
<status status="PASS" starttime="20230531 06:47:13.176" endtime="20230531 06:47:13.177"/>
</kw>
<status status="PASS" starttime="20230531 06:47:13.176" endtime="20230531 06:47:13.177"/>
</iter>
<iter>
<var name="${number}">2</var>
<kw name="Append To List" library="Collections">
<arg>${LIST3}</arg>
<arg>${alphabet}${number}</arg>
<doc>Adds ``values`` to the end of ``list``.</doc>
<status status="PASS" starttime="20230531 06:47:13.177" endtime="20230531 06:47:13.177"/>
</kw>
<status status="PASS" starttime="20230531 06:47:13.177" endtime="20230531 06:47:13.177"/>
</iter>
<iter>
<var name="${number}">3</var>
<kw name="Append To List" library="Collections">
<arg>${LIST3}</arg>
<arg>${alphabet}${number}</arg>
<doc>Adds ``values`` to the end of ``list``.</doc>
<status status="PASS" starttime="20230531 06:47:13.177" endtime="20230531 06:47:13.177"/>
</kw>
<status status="PASS" starttime="20230531 06:47:13.177" endtime="20230531 06:47:13.177"/>
</iter>
<iter>
<var name="${number}">4</var>
<kw name="Append To List" library="Collections">
<arg>${LIST3}</arg>
<arg>${alphabet}${number}</arg>
<doc>Adds ``values`` to the end of ``list``.</doc>
<status status="PASS" starttime="20230531 06:47:13.177" endtime="20230531 06:47:13.177"/>
</kw>
<status status="PASS" starttime="20230531 06:47:13.177" endtime="20230531 06:47:13.177"/>
</iter>
<status status="PASS" starttime="20230531 06:47:13.176" endtime="20230531 06:47:13.177"/>
</for>
<status status="PASS" starttime="20230531 06:47:13.176" endtime="20230531 06:47:13.177"/>
</iter>
<iter>
<var name="${alphabet}">d</var>
<for flavor="IN">
<var>${number}</var>
<value>@{LIST2}</value>
<iter>
<var name="${number}">1</var>
<kw name="Append To List" library="Collections">
<arg>${LIST3}</arg>
<arg>${alphabet}${number}</arg>
<doc>Adds ``values`` to the end of ``list``.</doc>
<status status="PASS" starttime="20230531 06:47:13.178" endtime="20230531 06:47:13.178"/>
</kw>
<status status="PASS" starttime="20230531 06:47:13.178" endtime="20230531 06:47:13.178"/>
</iter>
<iter>
<var name="${number}">2</var>
<kw name="Append To List" library="Collections">
<arg>${LIST3}</arg>
<arg>${alphabet}${number}</arg>
<doc>Adds ``values`` to the end of ``list``.</doc>
<status status="PASS" starttime="20230531 06:47:13.178" endtime="20230531 06:47:13.178"/>
</kw>
<status status="PASS" starttime="20230531 06:47:13.178" endtime="20230531 06:47:13.178"/>
</iter>
<iter>
<var name="${number}">3</var>
<kw name="Append To List" library="Collections">
<arg>${LIST3}</arg>
<arg>${alphabet}${number}</arg>
<doc>Adds ``values`` to the end of ``list``.</doc>
<status status="PASS" starttime="20230531 06:47:13.178" endtime="20230531 06:47:13.179"/>
</kw>
<status status="PASS" starttime="20230531 06:47:13.178" endtime="20230531 06:47:13.179"/>
</iter>
<iter>
<var name="${number}">4</var>
<kw name="Append To List" library="Collections">
<arg>${LIST3}</arg>
<arg>${alphabet}${number}</arg>
<doc>Adds ``values`` to the end of ``list``.</doc>
<status status="PASS" starttime="20230531 06:47:13.179" endtime="20230531 06:47:13.179"/>
</kw>
<status status="PASS" starttime="20230531 06:47:13.179" endtime="20230531 06:47:13.179"/>
</iter>
<status status="PASS" starttime="20230531 06:47:13.178" endtime="20230531 06:47:13.179"/>
</for>
<status status="PASS" starttime="20230531 06:47:13.178" endtime="20230531 06:47:13.179"/>
</iter>
<status status="PASS" starttime="20230531 06:47:13.172" endtime="20230531 06:47:13.179"/>
</for>
<kw name="Log" library="BuiltIn">
<arg>${LIST3}</arg>
<doc>Logs the given message with the given level.</doc>
<msg timestamp="20230531 06:47:13.179" level="INFO">['a1', 'a2', 'a3', 'a4', 'b1', 'b2', 'b3', 'b4', 'c1', 'c2', 'c3', 'c4', 'd1', 'd2', 'd3', 'd4']</msg>
<status status="PASS" starttime="20230531 06:47:13.179" endtime="20230531 06:47:13.179"/>
</kw>
<kw name="Set Global Variable" library="BuiltIn">
<arg>${LIST3}</arg>
<doc>Makes a variable available globally in all tests and suites.</doc>
<msg timestamp="20230531 06:47:13.180" level="INFO">${LIST3} = ['a1', 'a2', 'a3', 'a4', 'b1', 'b2', 'b3', 'b4', 'c1', 'c2', 'c3', 'c4', 'd1', 'd2', 'd3', 'd4']</msg>
<status status="PASS" starttime="20230531 06:47:13.180" endtime="20230531 06:47:13.180"/>
</kw>
<status status="PASS" starttime="20230531 06:47:13.171" endtime="20230531 06:47:13.180"/>
</kw>
<kw name="Pick some items from the list">
<kw name="Get Length" library="BuiltIn">
<var>${num}</var>
<arg>${LIST3}</arg>
<doc>Returns and logs the length of the given item as an integer.</doc>
<msg timestamp="20230531 06:47:13.181" level="INFO">Length is 16</msg>
<msg timestamp="20230531 06:47:13.182" level="INFO">${num} = 16</msg>
<status status="PASS" starttime="20230531 06:47:13.181" endtime="20230531 06:47:13.182"/>
</kw>
<for flavor="IN RANGE">
<var>${index}</var>
<value>0</value>
<value>${num}</value>
<value>5</value>
<iter>
<var name="${index}">0</var>
<kw name="Append To List" library="Collections">
<arg>${LIST4}</arg>
<arg>${LIST3}[${index}]</arg>
<doc>Adds ``values`` to the end of ``list``.</doc>
<status status="PASS" starttime="20230531 06:47:13.182" endtime="20230531 06:47:13.183"/>
</kw>
<status status="PASS" starttime="20230531 06:47:13.182" endtime="20230531 06:47:13.183"/>
</iter>
<iter>
<var name="${index}">5</var>
<kw name="Append To List" library="Collections">
<arg>${LIST4}</arg>
<arg>${LIST3}[${index}]</arg>
<doc>Adds ``values`` to the end of ``list``.</doc>
<status status="PASS" starttime="20230531 06:47:13.183" endtime="20230531 06:47:13.183"/>
</kw>
<status status="PASS" starttime="20230531 06:47:13.183" endtime="20230531 06:47:13.183"/>
</iter>
<iter>
<var name="${index}">10</var>
<kw name="Append To List" library="Collections">
<arg>${LIST4}</arg>
<arg>${LIST3}[${index}]</arg>
<doc>Adds ``values`` to the end of ``list``.</doc>
<status status="PASS" starttime="20230531 06:47:13.183" endtime="20230531 06:47:13.183"/>
</kw>
<status status="PASS" starttime="20230531 06:47:13.183" endtime="20230531 06:47:13.183"/>
</iter>
<iter>
<var name="${index}">15</var>
<kw name="Append To List" library="Collections">
<arg>${LIST4}</arg>
<arg>${LIST3}[${index}]</arg>
<doc>Adds ``values`` to the end of ``list``.</doc>
<status status="PASS" starttime="20230531 06:47:13.183" endtime="20230531 06:47:13.184"/>
</kw>
<status status="PASS" starttime="20230531 06:47:13.183" endtime="20230531 06:47:13.184"/>
</iter>
<status status="PASS" starttime="20230531 06:47:13.182" endtime="20230531 06:47:13.184"/>
</for>
<kw name="Log" library="BuiltIn">
<arg>${LIST4}</arg>
<doc>Logs the given message with the given level.</doc>
<msg timestamp="20230531 06:47:13.184" level="INFO">['a1', 'b2', 'c3', 'd4']</msg>
<status status="PASS" starttime="20230531 06:47:13.184" endtime="20230531 06:47:13.184"/>
</kw>
<status status="PASS" starttime="20230531 06:47:13.180" endtime="20230531 06:47:13.184"/>
</kw>
<status status="PASS" starttime="20230531 06:47:13.171" endtime="20230531 06:47:13.184"/>
</test>
<status status="PASS" starttime="20230531 06:47:13.155" endtime="20230531 06:47:13.185"/>
</suite>
<statistics>
<total>
<stat pass="1" fail="0" skip="0">All Tests</stat>
</total>
<tag>
</tag>
<suite>
<stat pass="1" fail="0" skip="0" id="s1" name="Mergelist">Mergelist</stat>
</suite>
</statistics>
<errors>
</errors>
</robot>
